<?xml version="1.0" encoding="UTF-8"?>
<!-- Generated by org.testng.reporters.JUnitXMLReporter -->
<testsuite ignored="2" hostname="MSI" failures="0" tests="2" name="Test" time="13.95" errors="0" timestamp="2026-04-30T19:20:22 IST">
  <testcase classname="grocerytestscripts.LoginTest" name="verifyLoginWithValidCredentials" time="2.266"/>
  <testcase classname="grocerytestscripts.LoginTest" name="verifyLoginWithInvalidUsernameandPswrd" time="0.848"/>
  <testcase classname="grocerytestscripts.LoginTest" name="verifyLoginWithValidUsernameandInvalidPswrd" time="0.0">
    <ignored/>
  </testcase> <!-- verifyLoginWithValidUsernameandInvalidPswrd -->
  <testcase classname="grocerytestscripts.LoginTest" name="verifyLoginWithInvalidUsernameandValidPswrd" time="0.0">
    <ignored/>
  </testcase> <!-- verifyLoginWithInvalidUsernameandValidPswrd -->
</testsuite> <!-- Test -->
