<?xml version="1.0" encoding="UTF-8"?>
<!-- Generated by org.testng.reporters.JUnitReportReporter -->
<testsuite hostname="MSI" failures="0" tests="2" name="grocerytestscripts.LoginTest" time="12.952" errors="0" timestamp="2026-05-11T11:09:50 IST" skipped="0">
  <testcase classname="grocerytestscripts.LoginTest" name="verifyLoginWithInvalidUsernameandPswrd" time="3.572"/>
  <testcase classname="grocerytestscripts.LoginTest" name="verifyLoginWithInvalidUsernameandPswrd" time="9.380"/>
</testsuite> <!-- grocerytestscripts.LoginTest -->
