<?xml version="1.0" encoding="UTF-8"?>
<!-- Generated by org.testng.reporters.JUnitXMLReporter -->
<testsuite ignored="3" hostname="MSI" failures="0" tests="2" name="Test" time="13.032" errors="0" timestamp="2026-05-11T11:09:50 IST">
  <testcase classname="grocerytestscripts.LoginTest" name="verifyLoginWithInvalidUsernameandPswrd" time="0.856"/>
  <testcase classname="grocerytestscripts.LoginTest" name="verifyLoginWithInvalidUsernameandPswrd" time="0.725"/>
  <testcase classname="grocerytestscripts.LoginTest" name="verifyLoginWithValidUsernameandInvalidPswrd" time="0.0">
    <ignored/>
  </testcase> <!-- verifyLoginWithValidUsernameandInvalidPswrd -->
  <testcase classname="grocerytestscripts.LoginTest" name="verifyLoginWithValidCredentials" time="0.0">
    <ignored/>
  </testcase> <!-- verifyLoginWithValidCredentials -->
  <testcase classname="grocerytestscripts.LoginTest" name="verifyLoginWithInvalidUsernameandValidPswrd" time="0.0">
    <ignored/>
  </testcase> <!-- verifyLoginWithInvalidUsernameandValidPswrd -->
</testsuite> <!-- Test -->
