<?xml version="1.0" encoding="UTF-8"?>
<testng-results ignored="0" total="1" passed="1" failed="0" skipped="0">
  <reporter-output>
  </reporter-output>
  <suite started-at="2026-05-12T11:07:47 IST" name="Suite" finished-at="2026-05-12T11:07:52 IST" duration-ms="5274">
    <groups>
    </groups>
    <test started-at="2026-05-12T11:07:47 IST" name="Test" finished-at="2026-05-12T11:07:52 IST" duration-ms="5274">
      <class name="grocerytestscripts.HomeTest">
        <test-method is-config="true" signature="initializeBrowzer(java.lang.String)[pri:0, instance:grocerytestscripts.HomeTest@66ea810]" started-at="2026-05-12T11:07:47 IST" name="initializeBrowzer" finished-at="2026-05-12T11:07:50 IST" duration-ms="2827" status="PASS">
          <params>
            <param index="0">
              <value>
                <![CDATA[chrome]]>
              </value>
            </param>
          </params>
          <reporter-output>
          </reporter-output>
        </test-method> <!-- initializeBrowzer -->
        <test-method signature="verifyUserisAbletoLogoutSuccessfullyfromtheHomePage()[pri:0, instance:grocerytestscripts.HomeTest@66ea810]" started-at="2026-05-12T11:07:50 IST" name="verifyUserisAbletoLogoutSuccessfullyfromtheHomePage" description="User is trying to logout from home page" finished-at="2026-05-12T11:07:52 IST" duration-ms="2415" status="PASS">
          <reporter-output>
          </reporter-output>
        </test-method> <!-- verifyUserisAbletoLogoutSuccessfullyfromtheHomePage -->
        <test-method is-config="true" signature="closeBrowser(org.testng.ITestResult)[pri:0, instance:grocerytestscripts.HomeTest@66ea810]" started-at="2026-05-12T11:07:52 IST" name="closeBrowser" finished-at="2026-05-12T11:07:52 IST" duration-ms="0" status="PASS">
          <params>
            <param index="0">
              <value>
                <![CDATA[[TestResult name=verifyUserisAbletoLogoutSuccessfullyfromtheHomePage status=SUCCESS method=HomeTest.verifyUserisAbletoLogoutSuccessfullyfromtheHomePage()[pri:0, instance:grocerytestscripts.HomeTest@66ea810] output={null}]]]>
              </value>
            </param>
          </params>
          <reporter-output>
          </reporter-output>
        </test-method> <!-- closeBrowser -->
      </class> <!-- grocerytestscripts.HomeTest -->
    </test> <!-- Test -->
  </suite> <!-- Suite -->
</testng-results>
