<?xml version="1.0" encoding="UTF-8"?>
<testng-results ignored="0" total="2" passed="2" failed="0" skipped="0">
  <reporter-output>
  </reporter-output>
  <suite started-at="2026-05-11T11:09:37 IST" name="Suite" finished-at="2026-05-11T11:09:50 IST" duration-ms="13032">
    <groups>
      <group name="smoke">
        <method signature="LoginTest.verifyLoginWithInvalidUsernameandPswrd(java.lang.String,java.lang.String)[pri:4, instance:grocerytestscripts.LoginTest@1e16c0aa]" name="verifyLoginWithInvalidUsernameandPswrd" class="grocerytestscripts.LoginTest"/>
      </group> <!-- smoke -->
    </groups>
    <test started-at="2026-05-11T11:09:37 IST" name="Test" finished-at="2026-05-11T11:09:50 IST" duration-ms="13032">
      <class name="grocerytestscripts.LoginTest">
        <test-method is-config="true" signature="initializeBrowzer(java.lang.String)[pri:0, instance:grocerytestscripts.LoginTest@1e16c0aa]" started-at="2026-05-11T11:09:37 IST" name="initializeBrowzer" finished-at="2026-05-11T11:09:45 IST" duration-ms="8655" status="PASS">
          <params>
            <param index="0">
              <value>
                <![CDATA[chrome]]>
              </value>
            </param>
          </params>
          <reporter-output>
          </reporter-output>
        </test-method> <!-- initializeBrowzer -->
        <test-method signature="verifyLoginWithInvalidUsernameandPswrd(java.lang.String,java.lang.String)[pri:4, instance:grocerytestscripts.LoginTest@1e16c0aa]" started-at="2026-05-11T11:09:45 IST" name="verifyLoginWithInvalidUsernameandPswrd" description="User is trying to login with Invalid Credentials" data-provider="loginProvider" finished-at="2026-05-11T11:09:46 IST" duration-ms="856" status="PASS">
          <params>
            <param index="0">
              <value>
                <![CDATA[admin]]>
              </value>
            </param>
            <param index="1">
              <value>
                <![CDATA[admin22]]>
              </value>
            </param>
          </params>
          <reporter-output>
          </reporter-output>
        </test-method> <!-- verifyLoginWithInvalidUsernameandPswrd -->
        <test-method is-config="true" signature="closeBrowser(org.testng.ITestResult)[pri:0, instance:grocerytestscripts.LoginTest@1e16c0aa]" started-at="2026-05-11T11:09:46 IST" name="closeBrowser" finished-at="2026-05-11T11:09:46 IST" duration-ms="0" status="PASS">
          <params>
            <param index="0">
              <value>
                <![CDATA[[TestResult name=verifyLoginWithInvalidUsernameandPswrd status=SUCCESS method=LoginTest.verifyLoginWithInvalidUsernameandPswrd(java.lang.String,java.lang.String)[pri:4, instance:grocerytestscripts.LoginTest@1e16c0aa] output={null}]]]>
              </value>
            </param>
          </params>
          <reporter-output>
          </reporter-output>
        </test-method> <!-- closeBrowser -->
        <test-method is-config="true" signature="initializeBrowzer(java.lang.String)[pri:0, instance:grocerytestscripts.LoginTest@1e16c0aa]" started-at="2026-05-11T11:09:46 IST" name="initializeBrowzer" finished-at="2026-05-11T11:09:49 IST" duration-ms="2716" status="PASS">
          <params>
            <param index="0">
              <value>
                <![CDATA[chrome]]>
              </value>
            </param>
          </params>
          <reporter-output>
          </reporter-output>
        </test-method> <!-- initializeBrowzer -->
        <test-method signature="verifyLoginWithInvalidUsernameandPswrd(java.lang.String,java.lang.String)[pri:4, instance:grocerytestscripts.LoginTest@1e16c0aa]" started-at="2026-05-11T11:09:49 IST" name="verifyLoginWithInvalidUsernameandPswrd" description="User is trying to login with Invalid Credentials" data-provider="loginProvider" finished-at="2026-05-11T11:09:50 IST" duration-ms="725" status="PASS">
          <params>
            <param index="0">
              <value>
                <![CDATA[admin123]]>
              </value>
            </param>
            <param index="1">
              <value>
                <![CDATA[123]]>
              </value>
            </param>
          </params>
          <reporter-output>
          </reporter-output>
        </test-method> <!-- verifyLoginWithInvalidUsernameandPswrd -->
        <test-method is-config="true" signature="closeBrowser(org.testng.ITestResult)[pri:0, instance:grocerytestscripts.LoginTest@1e16c0aa]" started-at="2026-05-11T11:09:50 IST" name="closeBrowser" finished-at="2026-05-11T11:09:50 IST" duration-ms="0" status="PASS">
          <params>
            <param index="0">
              <value>
                <![CDATA[[TestResult name=verifyLoginWithInvalidUsernameandPswrd status=SUCCESS method=LoginTest.verifyLoginWithInvalidUsernameandPswrd(java.lang.String,java.lang.String)[pri:4, instance:grocerytestscripts.LoginTest@1e16c0aa] output={null}]]]>
              </value>
            </param>
          </params>
          <reporter-output>
          </reporter-output>
        </test-method> <!-- closeBrowser -->
      </class> <!-- grocerytestscripts.LoginTest -->
    </test> <!-- Test -->
  </suite> <!-- Suite -->
</testng-results>
